<?xml version="1.0" encoding="UTF-8"?>
<testng-results ignored="0" total="1" passed="1" failed="0" skipped="0">
  <reporter-output>
  </reporter-output>
  <suite started-at="2022-03-08T17:21:46 EST" name="Default suite" finished-at="2022-03-08T17:21:51 EST" duration-ms="5325">
    <groups>
      <group name="cucumber">
        <method signature="AbstractTestNGCucumberTests.feature(cucumber.api.testng.CucumberFeatureWrapper)[pri:0, instance:TestRunner.testRunner@65f095f8]" name="feature" class="cucumber.api.testng.AbstractTestNGCucumberTests"/>
      </group> <!-- cucumber -->
    </groups>
    <test started-at="2022-03-08T17:21:46 EST" name="Default test" finished-at="2022-03-08T17:21:51 EST" duration-ms="5325">
      <class name="TestRunner.testRunner">
        <test-method is-config="true" signature="LaunchAppURL()[pri:0, instance:TestRunner.testRunner@65f095f8]" started-at="2022-03-08T17:21:46 EST" name="LaunchAppURL" finished-at="2022-03-08T17:21:49 EST" duration-ms="3239" status="PASS">
          <reporter-output>
          </reporter-output>
        </test-method> <!-- LaunchAppURL -->
        <test-method is-config="true" signature="setUpClass()[pri:0, instance:TestRunner.testRunner@65f095f8]" started-at="2022-03-08T17:21:49 EST" name="setUpClass" finished-at="2022-03-08T17:21:49 EST" duration-ms="331" status="PASS">
          <reporter-output>
          </reporter-output>
        </test-method> <!-- setUpClass -->
        <test-method signature="feature(cucumber.api.testng.CucumberFeatureWrapper)[pri:0, instance:TestRunner.testRunner@65f095f8]" started-at="2022-03-08T17:21:50 EST" name="feature" description="Runs Cucumber Feature" data-provider="features" finished-at="2022-03-08T17:21:50 EST" duration-ms="901" status="PASS">
          <params>
            <param index="0">
              <value>
                <![CDATA[Home Page]]>
              </value>
            </param>
          </params>
          <reporter-output>
          </reporter-output>
        </test-method> <!-- feature -->
        <test-method is-config="true" signature="tearDownClass()[pri:0, instance:TestRunner.testRunner@65f095f8]" started-at="2022-03-08T17:21:50 EST" name="tearDownClass" finished-at="2022-03-08T17:21:51 EST" duration-ms="12" status="PASS">
          <reporter-output>
          </reporter-output>
        </test-method> <!-- tearDownClass -->
        <test-method is-config="true" signature="CloseAppURL()[pri:0, instance:TestRunner.testRunner@65f095f8]" started-at="2022-03-08T17:21:51 EST" name="CloseAppURL" finished-at="2022-03-08T17:21:51 EST" duration-ms="663" status="PASS">
          <reporter-output>
          </reporter-output>
        </test-method> <!-- CloseAppURL -->
      </class> <!-- TestRunner.testRunner -->
    </test> <!-- Default test -->
  </suite> <!-- Default suite -->
</testng-results>
